<!DOCTYPE html>
<html lang="en">
<head>
    <meta charset="utf-8">
    <title>JSDoc: Namespace: log</title>

    <script src="scripts/prettify/prettify.js"> </script>
    <script src="scripts/prettify/lang-css.js"> </script>
    <!--[if lt IE 9]>
      <script src="//html5shiv.googlecode.com/svn/trunk/html5.js"></script>
    <![endif]-->
    <link type="text/css" rel="stylesheet" href="styles/prettify-tomorrow.css">
    <link type="text/css" rel="stylesheet" href="styles/jsdoc-default.css">
</head>

<body>

<div id="main">

    <h1 class="page-title">Namespace: log</h1>

    




<section>

<header>
    
        <h2>
            <span class="ancestors"><a href="mw.html">mw</a>.</span>log</h2>
        
    
</header>

<article>
    <div class="container-overview">
    
        

        


<dl class="details">

    

    

    

    

    

    

    

    

    

    

    

    

    
    <dt class="tag-source">Source:</dt>
    <dd class="tag-source"><ul class="dummy"><li>
        <a href="mediawiki.base_log.js.html">mediawiki.base/log.js</a>, <a href="mediawiki.base_log.js.html#line6">line 6</a>
    </li></ul></dd>
    

    

    

    
</dl>


        
    
    </div>

    

    

    

    

    

    

    
        <h3 class="subsection-title">Members</h3>

        
            
<h4 class="name" id=".error"><span class="type-signature">(static) </span>error<span class="type-signature"></span></h4>




<div class="description">
    <p>Write a message to the browser console's error channel.</p>
<p>Most browsers also print a stacktrace when calling this method if the
argument is an Error object.</p>
</div>







<dl class="details">

    

    
    <dt class="tag-since">Since:</dt>
    <dd class="tag-since"><ul class="dummy"><li>1.26</li></ul></dd>
    

    

    

    

    

    

    

    

    

    

    

    
    <dt class="tag-source">Source:</dt>
    <dd class="tag-source"><ul class="dummy"><li>
        <a href="mediawiki.base_log.js.html">mediawiki.base/log.js</a>, <a href="mediawiki.base_log.js.html#line43">line 43</a>
    </li></ul></dd>
    

    

    

    
</dl>






        
    

    
        <h3 class="subsection-title">Methods</h3>

        
            

    

    
    <h4 class="name" id=".deprecate"><span class="type-signature">(static) </span>deprecate<span class="signature">(obj, key, val, msg<span class="signature-attributes">opt</span>, logName<span class="signature-attributes">opt</span>)</span><span class="type-signature"></span></h4>
    

    



<div class="description">
    <p>Create a property on a host object that, when accessed, will log
a deprecation warning to the console.</p>
<p>Usage:</p>
<p>mw.log.deprecate( window, 'myGlobalFn', myGlobalFn );</p>
<p>mw.log.deprecate( Thing, 'old', old, 'Use Other.thing instead', 'Thing.old'  );</p>
</div>









    <h5>Parameters:</h5>
    

<table class="params">
    <thead>
    <tr>
        
        <th>Name</th>
        

        <th>Type</th>

        
        <th>Attributes</th>
        

        

        <th class="last">Description</th>
    </tr>
    </thead>

    <tbody>
    

        <tr>
            
                <td class="name"><code>obj</code></td>
            

            <td class="type">
            
                
<span class="param-type">Object</span>


            
            </td>

            
                <td class="attributes">
                

                

                
                </td>
            

            

            <td class="description last"><p>Host object of deprecated property</p></td>
        </tr>

    

        <tr>
            
                <td class="name"><code>key</code></td>
            

            <td class="type">
            
                
<span class="param-type">string</span>


            
            </td>

            
                <td class="attributes">
                

                

                
                </td>
            

            

            <td class="description last"><p>Name of property to create in <code>obj</code></p></td>
        </tr>

    

        <tr>
            
                <td class="name"><code>val</code></td>
            

            <td class="type">
            
                
<span class="param-type">Mixed</span>


            
            </td>

            
                <td class="attributes">
                

                

                
                </td>
            

            

            <td class="description last"><p>The value this property should return when accessed</p></td>
        </tr>

    

        <tr>
            
                <td class="name"><code>msg</code></td>
            

            <td class="type">
            
                
<span class="param-type">string</span>


            
            </td>

            
                <td class="attributes">
                
                    &lt;optional><br>
                

                

                
                </td>
            

            

            <td class="description last"><p>Optional extra text to add to the deprecation warning</p></td>
        </tr>

    

        <tr>
            
                <td class="name"><code>logName</code></td>
            

            <td class="type">
            
                
<span class="param-type">string</span>


            
            </td>

            
                <td class="attributes">
                
                    &lt;optional><br>
                

                

                
                </td>
            

            

            <td class="description last"><p>Name of the feature for deprecation tracker.
Tracking is disabled by default, except for global variables on <code>window</code>.</p></td>
        </tr>

    
    </tbody>
</table>






<dl class="details">

    

    

    

    

    

    

    

    

    

    

    

    

    
    <dt class="tag-source">Source:</dt>
    <dd class="tag-source"><ul class="dummy"><li>
        <a href="mediawiki.base_log.js.html">mediawiki.base/log.js</a>, <a href="mediawiki.base_log.js.html#line99">line 99</a>
    </li></ul></dd>
    

    

    

    
</dl>




















        
            

    

    
    <h4 class="name" id=".makeDeprecated"><span class="type-signature">(static) </span>makeDeprecated<span class="signature">(key, msg)</span><span class="type-signature"> &rarr; {function}</span></h4>
    

    



<div class="description">
    <p>Create a function that logs a deprecation warning when called.</p>
<p>Usage:</p>
<pre><code>var deprecatedNoB = mw.log.makeDeprecated( 'hello_without_b', 'Use of hello without b is deprecated.' );

function hello( a, b ) {
  if ( b === undefined ) {
    deprecatedNoB();
    b = 0;
  }
  return a + b;
}

hello( 1 );
</code></pre>
</div>









    <h5>Parameters:</h5>
    

<table class="params">
    <thead>
    <tr>
        
        <th>Name</th>
        

        <th>Type</th>

        

        

        <th class="last">Description</th>
    </tr>
    </thead>

    <tbody>
    

        <tr>
            
                <td class="name"><code>key</code></td>
            

            <td class="type">
            
                
<span class="param-type">string</span>
|

<span class="param-type">null</span>


            
            </td>

            

            

            <td class="description last"><p>Name of the feature for deprecation tracker,
or null for a console-only deprecation.</p></td>
        </tr>

    

        <tr>
            
                <td class="name"><code>msg</code></td>
            

            <td class="type">
            
                
<span class="param-type">string</span>


            
            </td>

            

            

            <td class="description last"><p>Deprecation warning.</p></td>
        </tr>

    
    </tbody>
</table>






<dl class="details">

    

    
    <dt class="tag-since">Since:</dt>
    <dd class="tag-since"><ul class="dummy"><li>1.38</li></ul></dd>
    

    

    

    

    

    

    

    

    

    

    

    
    <dt class="tag-source">Source:</dt>
    <dd class="tag-source"><ul class="dummy"><li>
        <a href="mediawiki.base_log.js.html">mediawiki.base/log.js</a>, <a href="mediawiki.base_log.js.html#line69">line 69</a>
    </li></ul></dd>
    

    

    

    
</dl>















<h5>Returns:</h5>

        


<dl>
    <dt>
        Type
    </dt>
    <dd>
        
<span class="param-type">function</span>


    </dd>
</dl>

    





        
    

    

    
</article>

</section>




</div>

<nav>
    <h2><a href="index.html">Home</a></h2><h3>Modules</h3><ul><li><a href="mediawiki.module_util.html">mediawiki.util</a></li></ul><h3>Namespaces</h3><ul><li><a href="jQuery.plugin.html">jQuery.plugin</a></li><li><a href="mw.html">mw</a></li><li><a href="mw.errorLogger.html">mw.errorLogger</a></li><li><a href="mw.hook.html">mw.hook</a></li><li><a href="mw.html.html">mw.html</a></li><li><a href="mw.loader.html">mw.loader</a></li><li><a href="mw.html#.log">mw.log</a></li><li><a href="mw.util.html">mw.util</a></li><li><a href="window.html">window</a></li></ul><h3>Classes</h3><ul><li><a href="Message.html">Message</a></li><li><a href="mw.html.Raw.html">mw.html.Raw</a></li><li><a href="mw.html#.Map">mw.Map</a></li></ul><h3>Events</h3><ul><li><a href="global.html#event:error_caught">error_caught</a></li><li><a href="global.html#event:global_error">global_error</a></li><li><a href="global.html#event:resourceloader_exception">resourceloader_exception</a></li><li><a href="mediawiki.module_util.html#~event:util_addPortlet">util_addPortlet</a></li><li><a href="mediawiki.module_util.html#~event:util_addPortletLink">util_addPortletLink</a></li></ul>
</nav>

<br class="clear">

<footer>
    Documentation generated by <a href="https://github.com/jsdoc/jsdoc">JSDoc 3.6.10</a> on Thu Nov 30 2023 17:25:38 GMT-0800 (Pacific Standard Time)
</footer>

<script> prettyPrint(); </script>
<script src="scripts/linenumber.js"> </script>
</body>
</html>